<?xml version="1.0" encoding="UTF-8"?>
<!-- Generated by org.testng.reporters.JUnitXMLReporter -->
<testsuite ignored="4" hostname="DESKTOP-I3THGNO" failures="0" tests="2" name="2. Successfully register two stations with the following details and verify that HTTP response code is 201.  " time="5.852" errors="0" timestamp="06 Mar 2021 07:32:36 GMT">
  <testcase classname="com.CongaDemo.init.Init" name="@AfterMethod tearDown" time="0.015">
    <failure type="java.lang.NullPointerException" message="Cannot invoke &amp;quot;Object.getClass()&amp;quot; because &amp;quot;driver&amp;quot; is null">
      <![CDATA[java.lang.NullPointerException: Cannot invoke "Object.getClass()" because "driver" is null
at org.openqa.selenium.remote.Augmenter.extractRemoteWebDriver(Augmenter.java:72)
at org.openqa.selenium.remote.BaseAugmenter.augment(BaseAugmenter.java:96)
at com.utility.Common.makeScreenshot(Common.java:27)
at com.CongaDemo.init.Init.tearDown(Init.java:64)
... Removed 28 stack frames]]>
    </failure>
  </testcase> <!-- @AfterMethod tearDown -->
  <testcase classname="com.CongaDemo.init.Init" name="@AfterMethod tearDown" time="0.0">
    <skipped/>
  </testcase> <!-- @AfterMethod tearDown -->
  <testcase classname="com.CongaAPI.API" name="test_02" time="3.497"/>
  <testcase classname="com.CongaAPI.API" name="test_02" time="0.0">
    <skipped/>
  </testcase> <!-- test_02 -->
  <testcase classname="com.CongaAPI.API" name="test_03" time="0.0">
    <ignored/>
  </testcase> <!-- test_03 -->
  <testcase classname="com.CongaAPI.API" name="test_01" time="0.0">
    <ignored/>
  </testcase> <!-- test_01 -->
  <testcase classname="com.CongaAPI.API" name="test_04" time="0.0">
    <ignored/>
  </testcase> <!-- test_04 -->
  <testcase classname="com.CongaAPI.API" name="test_05" time="0.0">
    <ignored/>
  </testcase> <!-- test_05 -->
</testsuite> <!-- 2. Successfully register two stations with the following details and verify that HTTP response code is 201.   -->
