<?xml version="1.0" encoding="UTF-8"?>
<!-- Generated by org.testng.reporters.JUnitXMLReporter -->
<testsuite ignored="4" hostname="DESKTOP-I3THGNO" failures="1" tests="2" name="3. API verify that the stations were successfully stored in the DB and their values are the same as specified in the registration request. " time="5.803" errors="0" timestamp="06 Mar 2021 01:10:09 GMT">
  <testcase classname="com.CongaAPI.API" name="test_03" time="3.833">
    <failure type="java.lang.NullPointerException" message="Cannot invoke &amp;quot;Object.toString()&amp;quot; because the return value of &amp;quot;org.json.simple.JSONObject.get(Object)&amp;quot; is null">
      <![CDATA[java.lang.NullPointerException: Cannot invoke "Object.toString()" because the return value of "org.json.simple.JSONObject.get(Object)" is null
at com.CongaAPI.API.test_03(API.java:79)
... Removed 25 stack frames]]>
    </failure>
  </testcase> <!-- test_03 -->
  <testcase classname="com.CongaAPI.API" name="test_03" time="0.643"/>
  <testcase classname="com.CongaAPI.API" name="test_02" time="0.0">
    <ignored/>
  </testcase> <!-- test_02 -->
  <testcase classname="com.CongaAPI.API" name="test_01" time="0.0">
    <ignored/>
  </testcase> <!-- test_01 -->
  <testcase classname="com.CongaAPI.API" name="test_04" time="0.0">
    <ignored/>
  </testcase> <!-- test_04 -->
  <testcase classname="com.CongaAPI.API" name="test_05" time="0.0">
    <ignored/>
  </testcase> <!-- test_05 -->
</testsuite> <!-- 3. API verify that the stations were successfully stored in the DB and their values are the same as specified in the registration request.  -->
