<?xml version="1.0" encoding="UTF-8"?>
<!-- Generated by org.testng.reporters.JUnitXMLReporter -->
<testsuite ignored="0" hostname="DESKTOP-I3THGNO" failures="1" tests="1" name="Test : Product successfully added to your shopping cart" time="30.827" errors="0" timestamp="06 Mar 2021 06:43:42 GMT">
  <testcase classname="com.CongaDemo.tests.PrecticeTest" name="test_01" time="13.068">
    <failure type="junit.framework.ComparisonFailure" message="expected:&amp;lt;&amp;gt; but was:&amp;lt;Product successfully added to your shopping cart&amp;gt;">
      <![CDATA[junit.framework.ComparisonFailure: expected:<> but was:<Product successfully added to your shopping cart>
at junit.framework.Assert.assertEquals(Assert.java:81)
at junit.framework.Assert.assertEquals(Assert.java:87)
at com.CongaDemo.tests.PrecticeTest.test_01(PrecticeTest.java:27)
... Removed 25 stack frames]]>
    </failure>
  </testcase> <!-- test_01 -->
</testsuite> <!-- Test : Product successfully added to your shopping cart -->
